<?xml version="1.0" encoding="UTF-8"?>
<testng-results ignored="0" total="1" passed="1" failed="0" skipped="0">
  <reporter-output>
  </reporter-output>
  <suite started-at="2023-04-14T20:28:30 IST" name="Default suite" finished-at="2023-04-14T20:29:00 IST" duration-ms="29771">
    <groups>
    </groups>
    <test started-at="2023-04-14T20:28:30 IST" name="Default test" finished-at="2023-04-14T20:29:00 IST" duration-ms="29771">
      <class name="examp.project1">
        <test-method signature="f()[pri:0, instance:examp.project1@5d0a1059]" started-at="2023-04-14T20:28:30 IST" name="f" finished-at="2023-04-14T20:29:00 IST" duration-ms="29639" status="PASS">
          <reporter-output>
          </reporter-output>
        </test-method> <!-- f -->
      </class> <!-- examp.project1 -->
    </test> <!-- Default test -->
  </suite> <!-- Default suite -->
</testng-results>
